2026-01-01 10:29:16,668 - INFO - 

============ __init__ ==========
2026-01-01 10:29:16,670 - INFO - Created folder: E:\inder_dont_delete\utilities_python\share_stock_market\equity_nse\datas\jan_2026\01_jan
2026-01-01 10:29:16,670 - INFO - 

================ pre_open_market ===========
2026-01-01 10:29:16,679 - DEBUG - Starting new HTTPS connection (1): www.nseindia.com:443
2026-01-01 10:29:17,355 - DEBUG - https://www.nseindia.com:443 "GET /api/market-data-pre-open?key=FO HTTP/1.1" 200 None
2026-01-01 10:29:17,714 - INFO - Index(['Symbol', 'metadata.identifier', 'metadata.series', 'metadata.purpose',
       'metadata.lastPrice', 'metadata.change', 'metadata.pChange',
       'metadata.previousClose', 'metadata.finalQuantity',
       'metadata.totalTurnover', 'metadata.marketCap', 'metadata.yearHigh',
       'metadata.yearLow', 'metadata.iep', 'detail.preOpenMarket.preopen',
       'detail.preOpenMarket.ato.totalBuyQuantity',
       'detail.preOpenMarket.ato.totalSellQuantity',
       'detail.preOpenMarket.IEP', 'detail.preOpenMarket.totalTradedVolume',
       'detail.preOpenMarket.finalPrice', 'detail.preOpenMarket.finalQuantity',
       'detail.preOpenMarket.lastUpdateTime',
       'detail.preOpenMarket.totalSellQuantity',
       'detail.preOpenMarket.totalBuyQuantity',
       'detail.preOpenMarket.atoBuyQty', 'detail.preOpenMarket.atoSellQty',
       'detail.preOpenMarket.Change', '%chng',
       'detail.preOpenMarket.prevClose'],
      dtype='object')
2026-01-01 10:29:17,723 - INFO -   metadata.symbol  detail.preOpenMarket.perChange
0            IDEA                            4.09
1             PFC                            0.98
2          RECLTD                            0.90
3           IREDA                            0.79
4           HUDCO                            0.71
2026-01-01 10:29:19,912 - INFO - 

================ oi_spurts ===========
2026-01-01 10:29:19,924 - DEBUG - Starting new HTTPS connection (1): www.nseindia.com:443
2026-01-01 10:29:20,400 - DEBUG - https://www.nseindia.com:443 "GET /api/live-analysis-oi-spurts-underlyings HTTP/1.1" 200 11983
2026-01-01 10:29:20,438 - INFO - Index(['Symbol', 'latestOI', 'prevOI', 'changeInOI', '%chng in OI', 'volume',
       'futValue', 'optValue', 'total', 'premValue', 'underlyingValue'],
      dtype='object')
2026-01-01 10:29:20,440 - INFO -      symbol  avgInOI
0       ITC    34.82
1    SWIGGY    34.02
2     NIFTY    13.86
3   DRREDDY     9.57
4  ASHOKLEY     9.31
2026-01-01 10:29:22,475 - INFO - 

================ each_sectors_stocks ===========
2026-01-01 10:29:22,475 - INFO - 

================ sectors_heatmap ===========
2026-01-01 10:29:22,482 - DEBUG - Starting new HTTPS connection (1): www.nseindia.com:443
2026-01-01 10:29:23,101 - DEBUG - https://www.nseindia.com:443 "GET /api/heatmap-index?type=Sectoral%20Indices HTTP/1.1" 200 1388
2026-01-01 10:29:23,113 - INFO - Index(['index', 'indexLongName', 'current', 'open', 'close', 'high', 'low',
       'pChange', 'yrHigh', 'yrLow', 'timeStamp'],
      dtype='object')
2026-01-01 10:29:23,115 - INFO -                index  pChange
0         NIFTY AUTO     0.41
1         NIFTY BANK     0.17
2  NIFTY FIN SERVICE     0.03
3  NIFTY FINSRV25 50     0.04
4         NIFTY FMCG    -2.03
2026-01-01 10:29:23,132 - INFO - Sectors for long: ['NIFTY MS IT TELCM'], for short: ['NIFTY FMCG']
2026-01-01 10:29:33,160 - DEBUG - Starting new HTTPS connection (1): www.nseindia.com:443
2026-01-01 10:29:33,777 - DEBUG - https://www.nseindia.com:443 "GET /api/heatmap-symbols?type=Sectoral%20Indices&indices=NIFTY%20FMCG HTTP/1.1" 200 940
2026-01-01 10:29:33,779 - INFO -       symbol pChange
0     COLPAL    0.85
1   GODREJCP    0.47
2  PATANJALI    0.46
3  BRITANNIA    0.19
4     MARICO    0.14
2026-01-01 10:30:06,065 - DEBUG - https://www.nseindia.com:443 "GET /api/heatmap-symbols?type=Sectoral%20Indices&indices=NIFTY%20MS%20IT%20TELCM HTTP/1.1" 200 1181
2026-01-01 10:30:06,067 - INFO -        symbol pChange
0        IDEA    5.76
1  INDUSTOWER    4.55
2        HFCL    1.77
3     MPHASIS    0.68
4  ZENSARTECH    0.04
2026-01-01 10:30:08,093 - INFO - 

================ top_gainers ===========
2026-01-01 10:30:08,099 - DEBUG - Starting new HTTPS connection (1): www.nseindia.com:443
2026-01-01 10:30:08,500 - DEBUG - https://www.nseindia.com:443 "GET /api/live-analysis-variations?index=gainers HTTP/1.1" 200 6522
2026-01-01 10:30:08,522 - INFO - Index(['Symbol', 'series', 'open_price', 'high_price', 'low_price', 'ltp',
       'prev_price', 'net_price', 'trade_quantity', 'turnover', 'market_type',
       'ca_ex_dt', 'ca_purpose', '%chng'],
      dtype='object')
2026-01-01 10:30:08,522 - INFO -        symbol  perChange
0        IDEA       5.86
1  INDUSTOWER       4.51
2   JSWENERGY       2.81
3  SUPREMEIND       2.37
4  ADANIENSOL       2.10
2026-01-01 10:30:10,548 - INFO - 

================ top_loosers ===========
2026-01-01 10:30:10,551 - DEBUG - Starting new HTTPS connection (1): www.nseindia.com:443
2026-01-01 10:30:11,015 - DEBUG - https://www.nseindia.com:443 "GET /api/live-analysis-variations?index=loosers HTTP/1.1" 200 6155
2026-01-01 10:30:11,034 - INFO - Index(['Symbol', 'series', 'open_price', 'high_price', 'low_price', 'ltp',
       'prev_price', 'net_price', 'trade_quantity', 'turnover', 'market_type',
       'ca_ex_dt', 'ca_purpose', '%chng'],
      dtype='object')
2026-01-01 10:30:11,034 - INFO -     symbol  perChange
0      ITC      -5.65
1    ALKEM      -1.98
2   NUVAMA      -1.59
3  DRREDDY      -1.45
4   KAYNES      -1.42
2026-01-01 10:30:17,567 - INFO - list_of_files in dir 'E:\inder_dont_delete\utilities_python\share_stock_market\equity_nse\datas\jan_2026\01_jan' is ['10_00AM', '9_30AM', '9_45AM', 'intraday_logs.log', 'MW-NIFTY-NIFTY_FMCG.csv', 'MW-NIFTY-NIFTY_MS_IT_TELCM.csv', 'MW-Pre-Open-Market.csv', 'Spurts-in-OI-By-Underlying.csv', 'T20-GL-gainers-FOSec.csv', 'T20-GL-loosers-FOSec.csv']
2026-01-01 10:30:17,693 - INFO - Copied: T20-GL-gainers-FOSecP.csv
2026-01-01 10:30:17,706 - INFO - Copied: T20-GL-loosers-FOSecP.csv
2026-01-01 10:30:17,706 - INFO - 

=============   test_stocks_for_long =========== 
2026-01-01 10:30:17,920 - INFO -        Symbol  %chng               From CSV  %chng in OI
0  BAJAJHLDNG   2.94  T20-GL-gainers-FOSecP         9.06
1  ADANIENSOL   2.10   T20-GL-gainers-FOSec         7.68
2    ASHOKLEY   1.98   T20-GL-gainers-FOSec         9.31
3  BANKBARODA   1.88   T20-GL-gainers-FOSec         6.84
4  ADANIGREEN   1.33   T20-GL-gainers-FOSec         6.74
5      RECLTD   1.28   T20-GL-gainers-FOSec         4.10
6      SWIGGY   1.06   T20-GL-gainers-FOSec        34.02
2026-01-01 10:30:18,920 - INFO - 

=============   test_stocks_for_short =========== 
2026-01-01 10:30:19,093 - INFO -     Symbol  %chng               From CSV  %chng in OI
0   SWIGGY  -1.99  T20-GL-loosers-FOSecP        34.02
1      ITC  -5.65   T20-GL-loosers-FOSec        34.82
2      ITC  -5.67    MW-NIFTY-NIFTY_FMCG        34.82
3    ALKEM  -1.98   T20-GL-loosers-FOSec         4.58
4  DRREDDY  -1.45   T20-GL-loosers-FOSec         9.57
5   KAYNES  -1.42   T20-GL-loosers-FOSec         4.71
