2026-01-02 12:25:30,804 - INFO - 

============ __init__ ==========
2026-01-02 12:25:30,805 - INFO - Created folder: E:\inder_dont_delete\utilities_python\share_stock_market\equity_nse\datas\jan_2026\02_jan
2026-01-02 12:25:30,805 - INFO - 

================ pre_open_market ===========
2026-01-02 12:25:30,815 - DEBUG - Starting new HTTPS connection (1): www.nseindia.com:443
2026-01-02 12:25:31,889 - DEBUG - https://www.nseindia.com:443 "GET /api/market-data-pre-open?key=FO HTTP/1.1" 200 32842
2026-01-02 12:25:32,297 - INFO - Index(['Symbol', '%chng'], dtype='object')
2026-01-02 12:25:32,297 - INFO -        Symbol  %chng
0         MCX   1.46
1    TVSMOTOR   1.28
2     INDIANB   1.13
3        IDEA   1.03
4  ADANIENSOL   1.00
2026-01-02 12:25:34,347 - INFO - 

================ oi_spurts ===========
2026-01-02 12:25:34,351 - DEBUG - Starting new HTTPS connection (1): www.nseindia.com:443
2026-01-02 12:25:35,000 - DEBUG - https://www.nseindia.com:443 "GET /api/live-analysis-oi-spurts-underlyings HTTP/1.1" 200 12417
2026-01-02 12:25:35,066 - INFO - Index(['Symbol', '%chng in OI'], dtype='object')
2026-01-02 12:25:35,066 - INFO -        Symbol  %chng in OI
0    BOSCHLTD       129.26
1  WAAREEENER       122.31
2    FINNIFTY        42.25
3         ITC        38.32
4       NIFTY        32.19
2026-01-02 12:25:37,116 - INFO - 

================ each_sectors_stocks ===========
2026-01-02 12:25:37,116 - INFO - 

================ sectors_heatmap ===========
2026-01-02 12:25:37,119 - DEBUG - Starting new HTTPS connection (1): www.nseindia.com:443
2026-01-02 12:25:37,739 - DEBUG - https://www.nseindia.com:443 "GET /api/heatmap-index?type=Sectoral%20Indices HTTP/1.1" 200 1381
2026-01-02 12:25:37,920 - INFO - Index(['index', 'indexLongName', 'current', 'open', 'close', 'high', 'low',
       'pChange', 'yrHigh', 'yrLow', 'timeStamp'],
      dtype='object')
2026-01-02 12:25:37,920 - INFO -                index  pChange
0         NIFTY AUTO     1.28
1         NIFTY BANK     0.67
2  NIFTY FIN SERVICE     0.86
3  NIFTY FINSRV25 50     1.03
4         NIFTY FMCG    -1.23
2026-01-02 12:25:37,928 - INFO - Sectors for long: ['NIFTY AUTO' 'NIFTY BANK' 'NIFTY FIN SERVICE' 'NIFTY FINSRV25 50'
 'NIFTY MEDIA' 'NIFTY METAL' 'NIFTY PHARMA' 'NIFTY PSU BANK'
 'NIFTY REALTY' 'NIFTY PVT BANK' 'NIFTY HEALTHCARE' 'NIFTY CONSR DURBL'
 'NIFTY OIL AND GAS' 'NIFTY MIDSML HLTH' 'NIFTY500 HEALTH'
 'NIFTY FINSEREXBNK' 'NIFTY MS FIN SERV'], for short: ['NIFTY FMCG']
2026-01-02 12:25:39,946 - DEBUG - Starting new HTTPS connection (1): www.nseindia.com:443
2026-01-02 12:25:40,493 - DEBUG - https://www.nseindia.com:443 "GET /api/heatmap-symbols?type=Sectoral%20Indices&indices=NIFTY%20AUTO HTTP/1.1" 200 976
2026-01-02 12:25:40,502 - INFO -      Symbol %chng
0  BOSCHLTD  7.58
1  SONACOMS  3.47
2  ASHOKLEY  2.32
3  UNOMINDA  1.79
4  TVSMOTOR  1.78
2026-01-02 12:25:42,806 - DEBUG - https://www.nseindia.com:443 "GET /api/heatmap-symbols?type=Sectoral%20Indices&indices=NIFTY%20BANK HTTP/1.1" 200 905
2026-01-02 12:25:42,811 - INFO -        Symbol %chng
0     YESBANK  2.93
1   UNIONBANK  1.73
2  INDUSINDBK  1.32
3   ICICIBANK  0.91
4         PNB  0.89
2026-01-02 12:25:45,264 - DEBUG - https://www.nseindia.com:443 "GET /api/heatmap-symbols?type=Sectoral%20Indices&indices=NIFTY%20FIN%20SERVICE HTTP/1.1" 200 1164
2026-01-02 12:25:45,271 - INFO -      Symbol %chng
0    RECLTD  4.15
1       PFC  3.76
2  CHOLAFIN  2.34
3    JIOFIN  1.84
4   SBICARD  1.83
2026-01-02 12:25:47,534 - DEBUG - https://www.nseindia.com:443 "GET /api/heatmap-symbols?type=Sectoral%20Indices&indices=NIFTY%20FINSRV25%2050 HTTP/1.1" 200 1168
2026-01-02 12:25:47,541 - INFO -      Symbol %chng
0    RECLTD  4.15
1       PFC  3.76
2  CHOLAFIN  2.36
3    JIOFIN  1.84
4   SBICARD  1.83
2026-01-02 12:25:49,974 - DEBUG - https://www.nseindia.com:443 "GET /api/heatmap-symbols?type=Sectoral%20Indices&indices=NIFTY%20FMCG HTTP/1.1" 200 944
2026-01-02 12:25:49,980 - INFO -        Symbol  %chng
0       DABUR   4.24
1  HINDUNILVR   0.99
2         VBL   0.69
3   PATANJALI   0.08
4    EMAMILTD  -0.21
2026-01-02 12:25:54,275 - DEBUG - https://www.nseindia.com:443 "GET /api/heatmap-symbols?type=Sectoral%20Indices&indices=NIFTY%20MEDIA HTTP/1.1" 200 684
2026-01-02 12:25:54,281 - INFO -       Symbol %chng
0     NAZARA  2.25
1    PVRINOX  1.97
2  NETWORK18  1.74
3    HATHWAY  1.37
4   SAREGAMA  0.83
2026-01-02 12:25:56,527 - DEBUG - https://www.nseindia.com:443 "GET /api/heatmap-symbols?type=Sectoral%20Indices&indices=NIFTY%20METAL HTTP/1.1" 200 None
2026-01-02 12:25:56,527 - INFO -        Symbol %chng
0  NATIONALUM  3.69
1    HINDALCO  2.34
2  HINDCOPPER  1.97
3    HINDZINC  1.72
4        VEDL  1.66
2026-01-02 12:25:58,980 - DEBUG - https://www.nseindia.com:443 "GET /api/heatmap-symbols?type=Sectoral%20Indices&indices=NIFTY%20PHARMA HTTP/1.1" 200 1186
2026-01-02 12:25:58,988 - INFO -        Symbol %chng
0   PPLPHARMA  4.11
1       ALKEM  1.72
2     MANKIND  1.47
3  AUROPHARMA  1.37
4  JBCHEPHARM  1.04
2026-01-02 12:26:01,332 - DEBUG - https://www.nseindia.com:443 "GET /api/heatmap-symbols?type=Sectoral%20Indices&indices=NIFTY%20PSU%20BANK HTTP/1.1" 200 757
2026-01-02 12:26:01,348 - INFO -       Symbol %chng
0        PSB  3.68
1    INDIANB  2.87
2    UCOBANK  2.00
3  CENTRALBK  1.94
4  UNIONBANK  1.72
2026-01-02 12:26:03,848 - DEBUG - https://www.nseindia.com:443 "GET /api/heatmap-symbols?type=Sectoral%20Indices&indices=NIFTY%20REALTY HTTP/1.1" 200 704
2026-01-02 12:26:03,857 - INFO -        Symbol %chng
0    ANANTRAJ  2.19
1  GODREJPROP  2.17
2  OBEROIRLTY  1.82
3       SOBHA  1.31
4         DLF  1.19
2026-01-02 12:26:06,086 - DEBUG - https://www.nseindia.com:443 "GET /api/heatmap-symbols?type=Sectoral%20Indices&indices=NIFTY%20PVT%20BANK HTTP/1.1" 200 706
2026-01-02 12:26:06,102 - INFO -        Symbol %chng
0     YESBANK  2.93
1     RBLBANK  1.28
2  INDUSINDBK  1.27
3   ICICIBANK  0.93
4  IDFCFIRSTB  0.83
2026-01-02 12:26:08,317 - DEBUG - https://www.nseindia.com:443 "GET /api/heatmap-symbols?type=Sectoral%20Indices&indices=NIFTY%20HEALTHCARE HTTP/1.1" 200 1189
2026-01-02 12:26:08,335 - INFO -        Symbol %chng
0   PPLPHARMA  4.14
1      FORTIS  1.72
2       ALKEM  1.67
3     MANKIND  1.48
4  AUROPHARMA  1.37
2026-01-02 12:26:10,757 - DEBUG - https://www.nseindia.com:443 "GET /api/heatmap-symbols?type=Sectoral%20Indices&indices=NIFTY%20CONSR%20DURBL HTTP/1.1" 200 936
2026-01-02 12:26:10,771 - INFO -        Symbol %chng
0        PGEL  4.65
1      VOLTAS  4.41
2      VGUARD  2.86
3  BLUESTARCO  2.78
4  KALYANKJIL  2.46
2026-01-02 12:26:13,044 - DEBUG - https://www.nseindia.com:443 "GET /api/heatmap-symbols?type=Sectoral%20Indices&indices=NIFTY%20OIL%20AND%20GAS HTTP/1.1" 200 939
2026-01-02 12:26:13,049 - INFO -       Symbol %chng
0  GUJGASLTD  3.40
1       GSPL  2.10
2       GAIL  1.89
3        MGL  1.74
4       ONGC  1.12
2026-01-02 12:26:15,351 - DEBUG - https://www.nseindia.com:443 "GET /api/heatmap-symbols?type=Sectoral%20Indices&indices=NIFTY%20MIDSML%20HLTH HTTP/1.1" 200 1647
2026-01-02 12:26:15,364 - INFO -       Symbol %chng
0  PPLPHARMA  4.13
1       KIMS  3.08
2      ALKEM  1.72
3     FORTIS  1.69
4    MEDANTA  1.52
2026-01-02 12:26:19,853 - DEBUG - https://www.nseindia.com:443 "GET /api/heatmap-symbols?type=Sectoral%20Indices&indices=NIFTY500%20HEALTH HTTP/1.1" 200 2564
2026-01-02 12:26:19,861 - INFO -        Symbol %chng
0   PPLPHARMA  4.11
1     SAILIFE  3.38
2  CAPLIPOINT  3.26
3        KIMS  3.08
4      EMCURE  2.15
2026-01-02 12:26:22,527 - DEBUG - https://www.nseindia.com:443 "GET /api/heatmap-symbols?type=Sectoral%20Indices&indices=NIFTY%20FINSEREXBNK HTTP/1.1" 200 1629
2026-01-02 12:26:22,549 - INFO -      Symbol %chng
0    RECLTD  4.11
1       PFC  3.83
2      CAMS  2.54
3  CHOLAFIN  2.38
4    360ONE  2.23
2026-01-02 12:26:24,904 - DEBUG - https://www.nseindia.com:443 "GET /api/heatmap-symbols?type=Sectoral%20Indices&indices=NIFTY%20MS%20FIN%20SERV HTTP/1.1" 200 1675
2026-01-02 12:26:24,919 - INFO -     Symbol %chng
0  YESBANK  2.93
1  INDIANB  2.91
2     CAMS  2.54
3   360ONE  2.23
4    PAYTM  1.97
2026-01-02 12:26:28,958 - INFO - 

================ gainers_loosers ===========
2026-01-02 12:26:28,958 - DEBUG - Starting new HTTPS connection (1): www.nseindia.com:443
2026-01-02 12:26:29,707 - DEBUG - https://www.nseindia.com:443 "GET /api/live-analysis-stocksTraded HTTP/1.1" 200 161595
2026-01-02 12:26:30,323 - INFO - Index(['Symbol', '%chng'], dtype='object')
2026-01-02 12:26:30,323 - INFO -        Symbol  %chng
0         ITC  -3.79
1  ORIENTTECH   9.22
2        IDEA   1.90
3  HINDCOPPER   1.92
4  GODFRYPHLP  -1.44
2026-01-02 12:26:40,106 - INFO - list_of_files in dir 'E:\inder_dont_delete\utilities_python\share_stock_market\equity_nse\datas\jan_2026\02_jan' is ['intraday_logs.log', 'long_stocks.xlsx', 'MW-NIFTY-NIFTY500_HEALTH.csv', 'MW-NIFTY-NIFTY_AUTO.csv', 'MW-NIFTY-NIFTY_BANK.csv', 'MW-NIFTY-NIFTY_CONSR_DURBL.csv', 'MW-NIFTY-NIFTY_FINSEREXBNK.csv', 'MW-NIFTY-NIFTY_FINSRV25_50.csv', 'MW-NIFTY-NIFTY_FIN_SERVICE.csv', 'MW-NIFTY-NIFTY_FMCG.csv', 'MW-NIFTY-NIFTY_HEALTHCARE.csv', 'MW-NIFTY-NIFTY_MEDIA.csv', 'MW-NIFTY-NIFTY_METAL.csv', 'MW-NIFTY-NIFTY_MIDSML_HLTH.csv', 'MW-NIFTY-NIFTY_MS_FIN_SERV.csv', 'MW-NIFTY-NIFTY_OIL_AND_GAS.csv', 'MW-NIFTY-NIFTY_PHARMA.csv', 'MW-NIFTY-NIFTY_PSU_BANK.csv', 'MW-NIFTY-NIFTY_PVT_BANK.csv', 'MW-NIFTY-NIFTY_REALTY.csv', 'MW-Pre-Open-Market.csv', 'short_stocks.xlsx', 'Spurts-in-OI-By-Underlying.csv', 'T20-GL-gainers-FOSec.csv', 'T20-GL-gainers-FOSecP.csv', 'T20-GL-loosers-FOSec.csv', 'T20-GL-loosers-FOSecP.csv']
2026-01-02 12:26:40,106 - INFO - 'T20-GL-gainers-FOSecP' and 'T20-GL-loosers-FOSecP' files already present in dir 'E:\inder_dont_delete\utilities_python\share_stock_market\equity_nse\datas\jan_2026\02_jan'
2026-01-02 12:26:40,106 - INFO - previous_day_gainers_loosers_present bool [True, True]
2026-01-02 12:26:40,106 - INFO - 

=============   test_stocks_for_long =========== 
2026-01-02 12:26:41,661 - INFO -          Symbol  %chng                    From CSV  %chng in OI
0    INDUSTOWER   3.88       T20-GL-gainers-FOSecP         4.22
1    INDUSTOWER   1.58        T20-GL-gainers-FOSec         4.22
2    INDUSTOWER   0.50          MW-Pre-Open-Market         4.22
3        RECLTD   3.28       T20-GL-gainers-FOSecP         4.03
4        RECLTD   4.13        T20-GL-gainers-FOSec         4.03
..          ...    ...                         ...          ...
109     MANKIND   1.48   MW-NIFTY-NIFTY_HEALTHCARE         4.39
110     MANKIND   1.48  MW-NIFTY-NIFTY_MIDSML_HLTH         4.39
111     MANKIND   1.47       MW-NIFTY-NIFTY_PHARMA         4.39
112       CANBK   0.43          MW-Pre-Open-Market         6.19
113     COFORGE   0.43          MW-Pre-Open-Market         5.16

[114 rows x 4 columns]
2026-01-02 12:26:55,396 - INFO - 

=============   test_stocks_for_short =========== 
2026-01-02 12:26:55,563 - INFO -         Symbol  %chng                    From CSV  %chng in OI
0          ITC  -3.75       T20-GL-loosers-FOSecP        38.32
1          ITC  -3.79        T20-GL-loosers-FOSec        38.32
2          ITC  -1.06          MW-Pre-Open-Market        38.32
3          ITC  -3.79         MW-NIFTY-NIFTY_FMCG        38.32
4   BAJAJ-AUTO  -0.74       T20-GL-loosers-FOSecP        12.51
5       KAYNES  -0.98       T20-GL-loosers-FOSecP         5.49
6       KAYNES  -0.78        T20-GL-loosers-FOSec         5.49
7       SWIGGY  -0.77       T20-GL-loosers-FOSecP        20.18
8       SWIGGY  -2.02        T20-GL-loosers-FOSec        20.18
9      DRREDDY  -1.03       T20-GL-loosers-FOSecP        11.99
10     DRREDDY  -0.35          MW-Pre-Open-Market        11.99
11  BAJAJHLDNG  -0.71       T20-GL-loosers-FOSecP        19.57
12  BAJAJHLDNG  -2.21        T20-GL-loosers-FOSec        19.57
13  WAAREEENER  -2.83        T20-GL-loosers-FOSec       122.31
14     COFORGE  -1.24        T20-GL-loosers-FOSec         5.16
15    UNITDSPR  -1.35        T20-GL-loosers-FOSec         5.08
16    UNITDSPR  -1.41         MW-NIFTY-NIFTY_FMCG         5.08
17   BRITANNIA  -0.73        T20-GL-loosers-FOSec         5.60
18   BRITANNIA  -0.93         MW-NIFTY-NIFTY_FMCG         5.60
19        BPCL  -0.38        T20-GL-loosers-FOSec         5.69
20        BPCL  -0.42  MW-NIFTY-NIFTY_OIL_AND_GAS         5.69
21  TATACONSUM  -0.38        T20-GL-loosers-FOSec         9.14
22  TATACONSUM  -0.43         MW-NIFTY-NIFTY_FMCG         9.14
23     SIEMENS  -0.71        T20-GL-loosers-FOSec         5.29
24        LTIM  -0.42        T20-GL-loosers-FOSec         5.06
25    INDHOTEL  -0.30          MW-Pre-Open-Market         4.05
