2026-01-01 10:47:16,242 - INFO - 

============ __init__ ==========
2026-01-01 10:47:16,242 - INFO - Created folder: E:\inder_dont_delete\utilities_python\share_stock_market\equity_nse\datas\jan_2026\01_jan
2026-01-01 10:47:16,242 - INFO - 

================ pre_open_market ===========
2026-01-01 10:47:16,242 - DEBUG - Starting new HTTPS connection (1): www.nseindia.com:443
2026-01-01 10:47:16,960 - DEBUG - https://www.nseindia.com:443 "GET /api/market-data-pre-open?key=FO HTTP/1.1" 200 32717
2026-01-01 10:47:17,259 - INFO - Index(['Symbol', 'metadata.identifier', 'metadata.series', 'metadata.purpose',
       'metadata.lastPrice', 'metadata.change', 'metadata.pChange',
       'metadata.previousClose', 'metadata.finalQuantity',
       'metadata.totalTurnover', 'metadata.marketCap', 'metadata.yearHigh',
       'metadata.yearLow', 'metadata.iep', 'detail.preOpenMarket.preopen',
       'detail.preOpenMarket.ato.totalBuyQuantity',
       'detail.preOpenMarket.ato.totalSellQuantity',
       'detail.preOpenMarket.IEP', 'detail.preOpenMarket.totalTradedVolume',
       'detail.preOpenMarket.finalPrice', 'detail.preOpenMarket.finalQuantity',
       'detail.preOpenMarket.lastUpdateTime',
       'detail.preOpenMarket.totalSellQuantity',
       'detail.preOpenMarket.totalBuyQuantity',
       'detail.preOpenMarket.atoBuyQty', 'detail.preOpenMarket.atoSellQty',
       'detail.preOpenMarket.Change', '%chng',
       'detail.preOpenMarket.prevClose'],
      dtype='object')
2026-01-01 10:47:17,265 - INFO -   metadata.symbol  detail.preOpenMarket.perChange
0            IDEA                            4.09
1             PFC                            0.98
2          RECLTD                            0.90
3           IREDA                            0.79
4           HUDCO                            0.71
2026-01-01 10:47:19,456 - INFO - 

================ oi_spurts ===========
2026-01-01 10:47:19,463 - DEBUG - Starting new HTTPS connection (1): www.nseindia.com:443
2026-01-01 10:47:20,036 - DEBUG - https://www.nseindia.com:443 "GET /api/live-analysis-oi-spurts-underlyings HTTP/1.1" 200 12044
2026-01-01 10:47:20,068 - INFO - Index(['Symbol', 'latestOI', 'prevOI', 'changeInOI', '%chng in OI', 'volume',
       'futValue', 'optValue', 'total', 'premValue', 'underlyingValue'],
      dtype='object')
2026-01-01 10:47:20,068 - INFO -      symbol  avgInOI
0       ITC    37.75
1    SWIGGY    35.64
2     NIFTY    14.77
3   DRREDDY    10.65
4  ASHOKLEY     9.98
2026-01-01 10:47:22,102 - INFO - 

================ each_sectors_stocks ===========
2026-01-01 10:47:22,102 - INFO - 

================ sectors_heatmap ===========
2026-01-01 10:47:22,102 - DEBUG - Starting new HTTPS connection (1): www.nseindia.com:443
2026-01-01 10:47:22,726 - DEBUG - https://www.nseindia.com:443 "GET /api/heatmap-index?type=Sectoral%20Indices HTTP/1.1" 200 1392
2026-01-01 10:47:22,734 - INFO - Index(['index', 'indexLongName', 'current', 'open', 'close', 'high', 'low',
       'pChange', 'yrHigh', 'yrLow', 'timeStamp'],
      dtype='object')
2026-01-01 10:47:22,734 - INFO -                index  pChange
0         NIFTY AUTO     0.54
1         NIFTY BANK     0.23
2  NIFTY FIN SERVICE     0.11
3  NIFTY FINSRV25 50     0.14
4         NIFTY FMCG    -2.01
2026-01-01 10:47:22,742 - INFO - Sectors for long: ['NIFTY MEDIA' 'NIFTY MS IT TELCM'], for short: ['NIFTY FMCG' 'NIFTY PHARMA']
2026-01-01 10:47:32,782 - DEBUG - Starting new HTTPS connection (1): www.nseindia.com:443
2026-01-01 10:47:33,514 - DEBUG - https://www.nseindia.com:443 "GET /api/heatmap-symbols?type=Sectoral%20Indices&indices=NIFTY%20FMCG HTTP/1.1" 200 951
2026-01-01 10:47:33,529 - INFO -       symbol pChange
0     COLPAL    0.78
1  PATANJALI    0.66
2   GODREJCP    0.38
3     MARICO    0.32
4  BRITANNIA    0.12
2026-01-01 10:47:37,718 - DEBUG - https://www.nseindia.com:443 "GET /api/heatmap-symbols?type=Sectoral%20Indices&indices=NIFTY%20MEDIA HTTP/1.1" 200 679
2026-01-01 10:47:37,718 - INFO -      symbol pChange
0      ZEEL    2.55
1     SUNTV    1.00
2   HATHWAY    0.64
3   PVRINOX    0.49
4  SAREGAMA    0.36
2026-01-01 10:47:42,050 - DEBUG - https://www.nseindia.com:443 "GET /api/heatmap-symbols?type=Sectoral%20Indices&indices=NIFTY%20PHARMA HTTP/1.1" 200 1172
2026-01-01 10:47:42,052 - INFO -        symbol pChange
0  AJANTPHARM    0.80
1     IPCALAB    0.66
2  LAURUSLABS    0.01
3  JBCHEPHARM   -0.02
4  TORNTPHARM   -0.28
2026-01-01 10:48:06,319 - DEBUG - https://www.nseindia.com:443 "GET /api/heatmap-symbols?type=Sectoral%20Indices&indices=NIFTY%20MS%20IT%20TELCM HTTP/1.1" 200 1171
2026-01-01 10:48:06,320 - INFO -        symbol pChange
0        IDEA    7.25
1  INDUSTOWER    4.67
2        HFCL    2.07
3     MPHASIS    0.87
4  ZENSARTECH    0.03
2026-01-01 10:48:08,351 - INFO - 

================ top_gainers ===========
2026-01-01 10:48:08,353 - DEBUG - Starting new HTTPS connection (1): www.nseindia.com:443
2026-01-01 10:48:08,868 - DEBUG - https://www.nseindia.com:443 "GET /api/live-analysis-variations?index=gainers HTTP/1.1" 200 6309
2026-01-01 10:48:08,891 - INFO - Index(['Symbol', 'series', 'open_price', 'high_price', 'low_price', 'ltp',
       'prev_price', 'net_price', 'trade_quantity', 'turnover', 'market_type',
       'ca_ex_dt', 'ca_purpose', '%chng'],
      dtype='object')
2026-01-01 10:48:08,891 - INFO -        symbol  perChange
0        IDEA       6.97
1  INDUSTOWER       4.64
2  SUPREMEIND       3.29
3   JSWENERGY       2.93
4  ADANIENSOL       2.55
2026-01-01 10:48:10,910 - INFO - 

================ top_loosers ===========
2026-01-01 10:48:10,916 - DEBUG - Starting new HTTPS connection (1): www.nseindia.com:443
2026-01-01 10:48:11,366 - DEBUG - https://www.nseindia.com:443 "GET /api/live-analysis-variations?index=loosers HTTP/1.1" 200 5848
2026-01-01 10:48:11,367 - INFO - Index(['Symbol', 'series', 'open_price', 'high_price', 'low_price', 'ltp',
       'prev_price', 'net_price', 'trade_quantity', 'turnover', 'market_type',
       'ca_ex_dt', 'ca_purpose', '%chng'],
      dtype='object')
2026-01-01 10:48:11,367 - INFO -     symbol  perChange
0      ITC      -5.82
1    ALKEM      -1.86
2   BIOCON      -1.70
3   NUVAMA      -1.59
4  DRREDDY      -1.42
2026-01-01 10:48:27,624 - INFO - list_of_files in dir 'E:\inder_dont_delete\utilities_python\share_stock_market\equity_nse\datas\jan_2026\01_jan' is ['10_00AM', '10_30AM', '9_30AM', '9_45AM', 'intraday_logs.log', 'MW-NIFTY-NIFTY_FMCG.csv', 'MW-NIFTY-NIFTY_MEDIA.csv', 'MW-NIFTY-NIFTY_MS_IT_TELCM.csv', 'MW-NIFTY-NIFTY_PHARMA.csv', 'MW-Pre-Open-Market.csv', 'Spurts-in-OI-By-Underlying.csv', 'T20-GL-gainers-FOSec.csv', 'T20-GL-loosers-FOSec.csv']
2026-01-01 10:48:27,626 - INFO - Copied: T20-GL-gainers-FOSecP.csv
2026-01-01 10:48:27,632 - INFO - Copied: T20-GL-loosers-FOSecP.csv
2026-01-01 10:48:27,632 - INFO - 

=============   test_stocks_for_long =========== 
2026-01-01 10:48:27,935 - INFO -        Symbol  %chng               From CSV  %chng in OI
0  BAJAJHLDNG   2.94  T20-GL-gainers-FOSecP         9.76
1  SUPREMEIND   2.82  T20-GL-gainers-FOSecP         6.05
2  SUPREMEIND   3.29   T20-GL-gainers-FOSec         6.05
3  ADANIENSOL   2.55   T20-GL-gainers-FOSec         8.95
4    ASHOKLEY   2.23   T20-GL-gainers-FOSec         9.98
5  BANKBARODA   1.69   T20-GL-gainers-FOSec         7.09
6  ADANIGREEN   1.40   T20-GL-gainers-FOSec         7.40
7    TVSMOTOR   1.25   T20-GL-gainers-FOSec         6.96
8      RECLTD   0.90     MW-Pre-Open-Market         4.47
9      SWIGGY   0.71     MW-Pre-Open-Market        35.64
2026-01-01 10:48:28,452 - INFO - 

=============   test_stocks_for_short =========== 
2026-01-01 10:48:28,563 - INFO -     Symbol  %chng               From CSV  %chng in OI
0   SWIGGY  -1.99  T20-GL-loosers-FOSecP        35.64
1      ITC  -5.82   T20-GL-loosers-FOSec        37.75
2      ITC  -5.76    MW-NIFTY-NIFTY_FMCG        37.75
3    ALKEM  -1.86   T20-GL-loosers-FOSec         4.57
4    ALKEM  -1.86  MW-NIFTY-NIFTY_PHARMA         4.57
5  DRREDDY  -1.42   T20-GL-loosers-FOSec        10.65
6  DRREDDY  -1.42  MW-NIFTY-NIFTY_PHARMA        10.65
7   KAYNES  -1.26   T20-GL-loosers-FOSec         5.12
